2026-06-03 17:33:18 [INFO ] sniper.signals.store | 信号表就绪: D:\Projects\quant-system\data\local\meta.db
下载 100 只股票资金流向 (每只间隔1s)...
2026-06-03 17:33:18 [ERROR] sniper.signals.client | 请求失败已达最大重试次数: ('Connection aborted.', RemoteDisconnected('Remote end closed connection without response'))
2026-06-03 17:33:19 [ERROR] sniper.signals.client | 请求失败已达最大重试次数: ('Connection aborted.', RemoteDisconnected('Remote end closed connection without response'))
2026-06-03 17:33:21 [ERROR] sniper.signals.client | 请求失败已达最大重试次数: ('Connection aborted.', RemoteDisconnected('Remote end closed connection without response'))
2026-06-03 17:33:22 [ERROR] sniper.signals.client | 请求失败已达最大重试次数: ('Connection aborted.', RemoteDisconnected('Remote end closed connection without response'))
2026-06-03 17:33:24 [ERROR] sniper.signals.client | 请求失败已达最大重试次数: ('Connection aborted.', RemoteDisconnected('Remote end closed connection without response'))
2026-06-03 17:33:25 [ERROR] sniper.signals.client | 请求失败已达最大重试次数: ('Connection aborted.', RemoteDisconnected('Remote end closed connection without response'))
2026-06-03 17:33:26 [ERROR] sniper.signals.client | 请求失败已达最大重试次数: ('Connection aborted.', RemoteDisconnected('Remote end closed connection without response'))
2026-06-03 17:33:28 [ERROR] sniper.signals.client | 请求失败已达最大重试次数: ('Connection aborted.', RemoteDisconnected('Remote end closed connection without response'))
2026-06-03 17:33:29 [ERROR] sniper.signals.client | 请求失败已达最大重试次数: ('Connection aborted.', RemoteDisconnected('Remote end closed connection without response'))
2026-06-03 17:33:30 [ERROR] sniper.signals.client | 请求失败已达最大重试次数: ('Connection aborted.', RemoteDisconnected('Remote end closed connection without response'))
2026-06-03 17:33:32 [ERROR] sniper.signals.client | 请求失败已达最大重试次数: ('Connection aborted.', RemoteDisconnected('Remote end closed connection without response'))
2026-06-03 17:33:33 [ERROR] sniper.signals.client | 请求失败已达最大重试次数: ('Connection aborted.', RemoteDisconnected('Remote end closed connection without response'))
2026-06-03 17:33:35 [ERROR] sniper.signals.client | 请求失败已达最大重试次数: ('Connection aborted.', RemoteDisconnected('Remote end closed connection without response'))
2026-06-03 17:33:36 [ERROR] sniper.signals.client | 请求失败已达最大重试次数: ('Connection aborted.', RemoteDisconnected('Remote end closed connection without response'))
2026-06-03 17:33:37 [ERROR] sniper.signals.client | 请求失败已达最大重试次数: ('Connection aborted.', RemoteDisconnected('Remote end closed connection without response'))
2026-06-03 17:33:39 [ERROR] sniper.signals.client | 请求失败已达最大重试次数: ('Connection aborted.', RemoteDisconnected('Remote end closed connection without response'))
2026-06-03 17:33:40 [ERROR] sniper.signals.client | 请求失败已达最大重试次数: ('Connection aborted.', RemoteDisconnected('Remote end closed connection without response'))
2026-06-03 17:33:41 [ERROR] sniper.signals.client | 请求失败已达最大重试次数: ('Connection aborted.', RemoteDisconnected('Remote end closed connection without response'))
2026-06-03 17:33:43 [ERROR] sniper.signals.client | 请求失败已达最大重试次数: ('Connection aborted.', RemoteDisconnected('Remote end closed connection without response'))
2026-06-03 17:33:44 [ERROR] sniper.signals.client | 请求失败已达最大重试次数: ('Connection aborted.', RemoteDisconnected('Remote end closed connection without response'))
  [20/100] 0 行
2026-06-03 17:33:45 [ERROR] sniper.signals.client | 请求失败已达最大重试次数: ('Connection aborted.', RemoteDisconnected('Remote end closed connection without response'))
2026-06-03 17:33:47 [ERROR] sniper.signals.client | 请求失败已达最大重试次数: ('Connection aborted.', RemoteDisconnected('Remote end closed connection without response'))
2026-06-03 17:33:48 [ERROR] sniper.signals.client | 请求失败已达最大重试次数: ('Connection aborted.', RemoteDisconnected('Remote end closed connection without response'))
2026-06-03 17:33:49 [ERROR] sniper.signals.client | 请求失败已达最大重试次数: ('Connection aborted.', RemoteDisconnected('Remote end closed connection without response'))
2026-06-03 17:33:51 [ERROR] sniper.signals.client | 请求失败已达最大重试次数: ('Connection aborted.', RemoteDisconnected('Remote end closed connection without response'))
2026-06-03 17:33:52 [ERROR] sniper.signals.client | 请求失败已达最大重试次数: ('Connection aborted.', RemoteDisconnected('Remote end closed connection without response'))
2026-06-03 17:33:53 [ERROR] sniper.signals.client | 请求失败已达最大重试次数: ('Connection aborted.', RemoteDisconnected('Remote end closed connection without response'))
2026-06-03 17:33:55 [ERROR] sniper.signals.client | 请求失败已达最大重试次数: ('Connection aborted.', RemoteDisconnected('Remote end closed connection without response'))
2026-06-03 17:34:15 [ERROR] sniper.signals.client | 请求失败已达最大重试次数: HTTPSConnectionPool(host='push2his.eastmoney.com', port=443): Read timed out. (read timeout=None)
2026-06-03 17:34:17 [ERROR] sniper.signals.client | 请求失败已达最大重试次数: ('Connection aborted.', RemoteDisconnected('Remote end closed connection without response'))
2026-06-03 17:34:18 [ERROR] sniper.signals.client | 请求失败已达最大重试次数: ('Connection aborted.', RemoteDisconnected('Remote end closed connection without response'))
2026-06-03 17:34:20 [ERROR] sniper.signals.client | 请求失败已达最大重试次数: ('Connection aborted.', RemoteDisconnected('Remote end closed connection without response'))
2026-06-03 17:34:21 [ERROR] sniper.signals.client | 请求失败已达最大重试次数: ('Connection aborted.', RemoteDisconnected('Remote end closed connection without response'))
2026-06-03 17:34:22 [ERROR] sniper.signals.client | 请求失败已达最大重试次数: ('Connection aborted.', RemoteDisconnected('Remote end closed connection without response'))
2026-06-03 17:34:24 [ERROR] sniper.signals.client | 请求失败已达最大重试次数: ('Connection aborted.', RemoteDisconnected('Remote end closed connection without response'))
2026-06-03 17:34:25 [ERROR] sniper.signals.client | 请求失败已达最大重试次数: ('Connection aborted.', RemoteDisconnected('Remote end closed connection without response'))
2026-06-03 17:34:27 [ERROR] sniper.signals.client | 请求失败已达最大重试次数: ('Connection aborted.', RemoteDisconnected('Remote end closed connection without response'))
2026-06-03 17:34:28 [ERROR] sniper.signals.client | 请求失败已达最大重试次数: ('Connection aborted.', RemoteDisconnected('Remote end closed connection without response'))
2026-06-03 17:34:29 [ERROR] sniper.signals.client | 请求失败已达最大重试次数: ('Connection aborted.', RemoteDisconnected('Remote end closed connection without response'))
2026-06-03 17:34:31 [ERROR] sniper.signals.client | 请求失败已达最大重试次数: ('Connection aborted.', RemoteDisconnected('Remote end closed connection without response'))
  [40/100] 0 行
2026-06-03 17:34:32 [ERROR] sniper.signals.client | 请求失败已达最大重试次数: ('Connection aborted.', RemoteDisconnected('Remote end closed connection without response'))
2026-06-03 17:34:34 [ERROR] sniper.signals.client | 请求失败已达最大重试次数: ('Connection aborted.', RemoteDisconnected('Remote end closed connection without response'))
2026-06-03 17:34:35 [ERROR] sniper.signals.client | 请求失败已达最大重试次数: ('Connection aborted.', RemoteDisconnected('Remote end closed connection without response'))
2026-06-03 17:34:36 [ERROR] sniper.signals.client | 请求失败已达最大重试次数: ('Connection aborted.', RemoteDisconnected('Remote end closed connection without response'))
2026-06-03 17:34:38 [ERROR] sniper.signals.client | 请求失败已达最大重试次数: ('Connection aborted.', RemoteDisconnected('Remote end closed connection without response'))
2026-06-03 17:34:39 [ERROR] sniper.signals.client | 请求失败已达最大重试次数: ('Connection aborted.', RemoteDisconnected('Remote end closed connection without response'))
2026-06-03 17:34:41 [ERROR] sniper.signals.client | 请求失败已达最大重试次数: ('Connection aborted.', RemoteDisconnected('Remote end closed connection without response'))
2026-06-03 17:34:42 [ERROR] sniper.signals.client | 请求失败已达最大重试次数: ('Connection aborted.', RemoteDisconnected('Remote end closed connection without response'))
2026-06-03 17:34:43 [ERROR] sniper.signals.client | 请求失败已达最大重试次数: ('Connection aborted.', RemoteDisconnected('Remote end closed connection without response'))
2026-06-03 17:34:45 [ERROR] sniper.signals.client | 请求失败已达最大重试次数: ('Connection aborted.', RemoteDisconnected('Remote end closed connection without response'))
2026-06-03 17:34:46 [ERROR] sniper.signals.client | 请求失败已达最大重试次数: ('Connection aborted.', RemoteDisconnected('Remote end closed connection without response'))
2026-06-03 17:34:48 [ERROR] sniper.signals.client | 请求失败已达最大重试次数: ('Connection aborted.', RemoteDisconnected('Remote end closed connection without response'))
2026-06-03 17:34:49 [ERROR] sniper.signals.client | 请求失败已达最大重试次数: ('Connection aborted.', RemoteDisconnected('Remote end closed connection without response'))
2026-06-03 17:34:50 [ERROR] sniper.signals.client | 请求失败已达最大重试次数: ('Connection aborted.', RemoteDisconnected('Remote end closed connection without response'))
2026-06-03 17:34:52 [ERROR] sniper.signals.client | 请求失败已达最大重试次数: ('Connection aborted.', RemoteDisconnected('Remote end closed connection without response'))
2026-06-03 17:34:53 [ERROR] sniper.signals.client | 请求失败已达最大重试次数: ('Connection aborted.', RemoteDisconnected('Remote end closed connection without response'))
2026-06-03 17:34:55 [ERROR] sniper.signals.client | 请求失败已达最大重试次数: ('Connection aborted.', RemoteDisconnected('Remote end closed connection without response'))
2026-06-03 17:34:56 [ERROR] sniper.signals.client | 请求失败已达最大重试次数: ('Connection aborted.', RemoteDisconnected('Remote end closed connection without response'))
2026-06-03 17:34:58 [ERROR] sniper.signals.client | 请求失败已达最大重试次数: ('Connection aborted.', RemoteDisconnected('Remote end closed connection without response'))
2026-06-03 17:34:59 [ERROR] sniper.signals.client | 请求失败已达最大重试次数: ('Connection aborted.', RemoteDisconnected('Remote end closed connection without response'))
  [60/100] 0 行
2026-06-03 17:35:00 [ERROR] sniper.signals.client | 请求失败已达最大重试次数: ('Connection aborted.', RemoteDisconnected('Remote end closed connection without response'))
2026-06-03 17:35:02 [ERROR] sniper.signals.client | 请求失败已达最大重试次数: ('Connection aborted.', RemoteDisconnected('Remote end closed connection without response'))
2026-06-03 17:35:03 [ERROR] sniper.signals.client | 请求失败已达最大重试次数: ('Connection aborted.', RemoteDisconnected('Remote end closed connection without response'))
2026-06-03 17:35:05 [ERROR] sniper.signals.client | 请求失败已达最大重试次数: ('Connection aborted.', RemoteDisconnected('Remote end closed connection without response'))
2026-06-03 17:35:06 [ERROR] sniper.signals.client | 请求失败已达最大重试次数: ('Connection aborted.', RemoteDisconnected('Remote end closed connection without response'))
2026-06-03 17:35:07 [ERROR] sniper.signals.client | 请求失败已达最大重试次数: ('Connection aborted.', RemoteDisconnected('Remote end closed connection without response'))
2026-06-03 17:35:09 [ERROR] sniper.signals.client | 请求失败已达最大重试次数: ('Connection aborted.', RemoteDisconnected('Remote end closed connection without response'))
2026-06-03 17:35:10 [ERROR] sniper.signals.client | 请求失败已达最大重试次数: ('Connection aborted.', RemoteDisconnected('Remote end closed connection without response'))
2026-06-03 17:35:11 [ERROR] sniper.signals.client | 请求失败已达最大重试次数: ('Connection aborted.', RemoteDisconnected('Remote end closed connection without response'))
2026-06-03 17:35:13 [ERROR] sniper.signals.client | 请求失败已达最大重试次数: ('Connection aborted.', RemoteDisconnected('Remote end closed connection without response'))
2026-06-03 17:35:14 [ERROR] sniper.signals.client | 请求失败已达最大重试次数: ('Connection aborted.', RemoteDisconnected('Remote end closed connection without response'))
2026-06-03 17:35:15 [ERROR] sniper.signals.client | 请求失败已达最大重试次数: ('Connection aborted.', RemoteDisconnected('Remote end closed connection without response'))
2026-06-03 17:35:17 [ERROR] sniper.signals.client | 请求失败已达最大重试次数: ('Connection aborted.', RemoteDisconnected('Remote end closed connection without response'))
2026-06-03 17:35:18 [ERROR] sniper.signals.client | 请求失败已达最大重试次数: ('Connection aborted.', RemoteDisconnected('Remote end closed connection without response'))
2026-06-03 17:35:19 [ERROR] sniper.signals.client | 请求失败已达最大重试次数: ('Connection aborted.', RemoteDisconnected('Remote end closed connection without response'))
2026-06-03 17:35:21 [ERROR] sniper.signals.client | 请求失败已达最大重试次数: ('Connection aborted.', RemoteDisconnected('Remote end closed connection without response'))
2026-06-03 17:35:22 [ERROR] sniper.signals.client | 请求失败已达最大重试次数: ('Connection aborted.', RemoteDisconnected('Remote end closed connection without response'))
2026-06-03 17:35:24 [ERROR] sniper.signals.client | 请求失败已达最大重试次数: ('Connection aborted.', RemoteDisconnected('Remote end closed connection without response'))
2026-06-03 17:35:25 [ERROR] sniper.signals.client | 请求失败已达最大重试次数: ('Connection aborted.', RemoteDisconnected('Remote end closed connection without response'))
2026-06-03 17:35:26 [ERROR] sniper.signals.client | 请求失败已达最大重试次数: ('Connection aborted.', RemoteDisconnected('Remote end closed connection without response'))
  [80/100] 0 行
2026-06-03 17:35:28 [ERROR] sniper.signals.client | 请求失败已达最大重试次数: ('Connection aborted.', RemoteDisconnected('Remote end closed connection without response'))
2026-06-03 17:35:29 [ERROR] sniper.signals.client | 请求失败已达最大重试次数: ('Connection aborted.', RemoteDisconnected('Remote end closed connection without response'))
2026-06-03 17:35:30 [ERROR] sniper.signals.client | 请求失败已达最大重试次数: ('Connection aborted.', RemoteDisconnected('Remote end closed connection without response'))
2026-06-03 17:35:32 [ERROR] sniper.signals.client | 请求失败已达最大重试次数: ('Connection aborted.', RemoteDisconnected('Remote end closed connection without response'))
2026-06-03 17:35:33 [ERROR] sniper.signals.client | 请求失败已达最大重试次数: ('Connection aborted.', RemoteDisconnected('Remote end closed connection without response'))
2026-06-03 17:35:34 [ERROR] sniper.signals.client | 请求失败已达最大重试次数: ('Connection aborted.', RemoteDisconnected('Remote end closed connection without response'))
2026-06-03 17:35:36 [ERROR] sniper.signals.client | 请求失败已达最大重试次数: ('Connection aborted.', RemoteDisconnected('Remote end closed connection without response'))
2026-06-03 17:35:37 [ERROR] sniper.signals.client | 请求失败已达最大重试次数: ('Connection aborted.', RemoteDisconnected('Remote end closed connection without response'))
2026-06-03 17:35:38 [ERROR] sniper.signals.client | 请求失败已达最大重试次数: ('Connection aborted.', RemoteDisconnected('Remote end closed connection without response'))
2026-06-03 17:35:40 [ERROR] sniper.signals.client | 请求失败已达最大重试次数: ('Connection aborted.', RemoteDisconnected('Remote end closed connection without response'))
2026-06-03 17:35:41 [ERROR] sniper.signals.client | 请求失败已达最大重试次数: ('Connection aborted.', RemoteDisconnected('Remote end closed connection without response'))
2026-06-03 17:35:42 [ERROR] sniper.signals.client | 请求失败已达最大重试次数: ('Connection aborted.', RemoteDisconnected('Remote end closed connection without response'))
2026-06-03 17:35:44 [ERROR] sniper.signals.client | 请求失败已达最大重试次数: ('Connection aborted.', RemoteDisconnected('Remote end closed connection without response'))
2026-06-03 17:35:45 [ERROR] sniper.signals.client | 请求失败已达最大重试次数: ('Connection aborted.', RemoteDisconnected('Remote end closed connection without response'))
2026-06-03 17:35:46 [ERROR] sniper.signals.client | 请求失败已达最大重试次数: ('Connection aborted.', RemoteDisconnected('Remote end closed connection without response'))
2026-06-03 17:36:07 [ERROR] sniper.signals.client | 请求失败已达最大重试次数: HTTPSConnectionPool(host='push2his.eastmoney.com', port=443): Read timed out. (read timeout=None)
2026-06-03 17:36:08 [ERROR] sniper.signals.client | 请求失败已达最大重试次数: ('Connection aborted.', RemoteDisconnected('Remote end closed connection without response'))
2026-06-03 17:36:10 [ERROR] sniper.signals.client | 请求失败已达最大重试次数: ('Connection aborted.', RemoteDisconnected('Remote end closed connection without response'))
2026-06-03 17:36:11 [ERROR] sniper.signals.client | 请求失败已达最大重试次数: ('Connection aborted.', RemoteDisconnected('Remote end closed connection without response'))
2026-06-03 17:36:12 [ERROR] sniper.signals.client | 请求失败已达最大重试次数: ('Connection aborted.', RemoteDisconnected('Remote end closed connection without response'))
  [100/100] 0 行
完成: 0 行
